{"type":"server-started","port":61373,"host":"127.0.0.1","url_host":"localhost","url":"http://localhost:61373","screen_dir":"/Users/khybiske/Developer/web/ChlamAtlas/.superpowers/brainstorm/session-1773772944"}
{"type":"screen-added","file":"/Users/khybiske/Developer/web/ChlamAtlas/.superpowers/brainstorm/session-1773772944/desktop-nav.html"}
{"source":"user-event","type":"click","text":"🦠 ChlamAtlas\n        🏠 Home\n        🧬 Genomes\n        🔬 Mutants\n        ⚙️ Pipeline\n        Sign In\n      \n      \n        \n          CT-D\n          CT-L2\n          CM\n        \n        \n          Main content + detail panel\n        \n      \n    \n    \n      C — Top nav + contextual sidebar\n      Labeled top nav for primary tabs. On data-heavy tabs (Genomes, Mutants), a secondary sidebar appears for filtering/browsing. Detail panel fills the right side. Most flexible — top nav is clear, sidebar aids data navigation.","choice":"top-sidebar","id":null,"timestamp":1773773047017}
{"source":"user-event","type":"click","text":"🦠 ChlamAtlas\n        🏠 Home\n        🧬 Genomes\n        🔬 Mutants\n        ⚙️ Pipeline\n        Sign In\n      \n      \n        \n          CT-D\n          CT-L2\n          CM\n        \n        \n          Main content + detail panel\n        \n      \n    \n    \n      C — Top nav + contextual sidebar\n      Labeled top nav for primary tabs. On data-heavy tabs (Genomes, Mutants), a secondary sidebar appears for filtering/browsing. Detail panel fills the right side. Most flexible — top nav is clear, sidebar aids data navigation.","choice":"top-sidebar","id":null,"timestamp":1773773051382}
{"type":"screen-added","file":"/Users/khybiske/Developer/web/ChlamAtlas/.superpowers/brainstorm/session-1773772944/desktop-content-layout.html"}
{"type":"screen-added","file":"/Users/khybiske/Developer/web/ChlamAtlas/.superpowers/brainstorm/session-1773772944/gene-detail-layout.html"}
{"type":"screen-added","file":"/Users/khybiske/Developer/web/ChlamAtlas/.superpowers/brainstorm/session-1773772944/gene-detail-B-refined.html"}
{"type":"screen-added","file":"/Users/khybiske/Developer/web/ChlamAtlas/.superpowers/brainstorm/session-1773772944/gene-detail-revised.html"}
{"type":"screen-added","file":"/Users/khybiske/Developer/web/ChlamAtlas/.superpowers/brainstorm/session-1773772944/gene-detail-v3.html"}
{"type":"screen-added","file":"/Users/khybiske/Developer/web/ChlamAtlas/.superpowers/brainstorm/session-1773772944/gene-detail-v4.html"}
{"type":"screen-added","file":"/Users/khybiske/Developer/web/ChlamAtlas/.superpowers/brainstorm/session-1773772944/gene-detail-v5.html"}
{"type":"screen-added","file":"/Users/khybiske/Developer/web/ChlamAtlas/.superpowers/brainstorm/session-1773772944/gene-detail-v6.html"}
{"type":"screen-added","file":"/Users/khybiske/Developer/web/ChlamAtlas/.superpowers/brainstorm/session-1773772944/gene-detail-v7.html"}
{"type":"screen-added","file":"/Users/khybiske/Developer/web/ChlamAtlas/.superpowers/brainstorm/session-1773772944/waiting.html"}
{"type":"screen-added","file":"/Users/khybiske/Developer/web/ChlamAtlas/.superpowers/brainstorm/session-1773772944/mutant-list-rows.html"}
{"type":"screen-added","file":"/Users/khybiske/Developer/web/ChlamAtlas/.superpowers/brainstorm/session-1773772944/mutant-list-v2.html"}
{"type":"screen-added","file":"/Users/khybiske/Developer/web/ChlamAtlas/.superpowers/brainstorm/session-1773772944/mutant-list-v3.html"}
{"type":"screen-added","file":"/Users/khybiske/Developer/web/ChlamAtlas/.superpowers/brainstorm/session-1773772944/mutant-list-v4.html"}
{"type":"screen-added","file":"/Users/khybiske/Developer/web/ChlamAtlas/.superpowers/brainstorm/session-1773772944/mutant-detail-v1.html"}
{"type":"screen-added","file":"/Users/khybiske/Developer/web/ChlamAtlas/.superpowers/brainstorm/session-1773772944/search-favorites.html"}
{"type":"screen-added","file":"/Users/khybiske/Developer/web/ChlamAtlas/.superpowers/brainstorm/session-1773772944/search-favorites-v2.html"}
{"type":"screen-added","file":"/Users/khybiske/Developer/web/ChlamAtlas/.superpowers/brainstorm/session-1773772944/home-page.html"}
{"type":"screen-added","file":"/Users/khybiske/Developer/web/ChlamAtlas/.superpowers/brainstorm/session-1773772944/home-page-v2.html"}
{"type":"screen-added","file":"/Users/khybiske/Developer/web/ChlamAtlas/.superpowers/brainstorm/session-1773772944/home-page-v3.html"}
{"type":"screen-added","file":"/Users/khybiske/Developer/web/ChlamAtlas/.superpowers/brainstorm/session-1773772944/home-page-v4.html"}
{"type":"screen-updated","file":"/Users/khybiske/Developer/web/ChlamAtlas/.superpowers/brainstorm/session-1773772944/home-page-v4.html"}
{"type":"screen-updated","file":"/Users/khybiske/Developer/web/ChlamAtlas/.superpowers/brainstorm/session-1773772944/home-page-v4.html"}
{"type":"screen-updated","file":"/Users/khybiske/Developer/web/ChlamAtlas/.superpowers/brainstorm/session-1773772944/home-page-v4.html"}
{"type":"screen-updated","file":"/Users/khybiske/Developer/web/ChlamAtlas/.superpowers/brainstorm/session-1773772944/home-page-v4.html"}
{"type":"screen-updated","file":"/Users/khybiske/Developer/web/ChlamAtlas/.superpowers/brainstorm/session-1773772944/home-page-v4.html"}
{"type":"screen-added","file":"/Users/khybiske/Developer/web/ChlamAtlas/.superpowers/brainstorm/session-1773772944/pipeline-options.html"}
{"type":"screen-added","file":"/Users/khybiske/Developer/web/ChlamAtlas/.superpowers/brainstorm/session-1773772944/pipeline-v1.html"}
{"type":"screen-updated","file":"/Users/khybiske/Developer/web/ChlamAtlas/.superpowers/brainstorm/session-1773772944/pipeline-v1.html"}
{"type":"screen-updated","file":"/Users/khybiske/Developer/web/ChlamAtlas/.superpowers/brainstorm/session-1773772944/pipeline-v1.html"}
{"type":"screen-updated","file":"/Users/khybiske/Developer/web/ChlamAtlas/.superpowers/brainstorm/session-1773772944/pipeline-v1.html"}
{"type":"screen-updated","file":"/Users/khybiske/Developer/web/ChlamAtlas/.superpowers/brainstorm/session-1773772944/pipeline-v1.html"}
{"type":"screen-updated","file":"/Users/khybiske/Developer/web/ChlamAtlas/.superpowers/brainstorm/session-1773772944/pipeline-v1.html"}
{"type":"screen-updated","file":"/Users/khybiske/Developer/web/ChlamAtlas/.superpowers/brainstorm/session-1773772944/pipeline-v1.html"}
{"type":"screen-updated","file":"/Users/khybiske/Developer/web/ChlamAtlas/.superpowers/brainstorm/session-1773772944/pipeline-v1.html"}
{"type":"screen-updated","file":"/Users/khybiske/Developer/web/ChlamAtlas/.superpowers/brainstorm/session-1773772944/pipeline-v1.html"}
{"type":"screen-updated","file":"/Users/khybiske/Developer/web/ChlamAtlas/.superpowers/brainstorm/session-1773772944/pipeline-v1.html"}
{"type":"screen-updated","file":"/Users/khybiske/Developer/web/ChlamAtlas/.superpowers/brainstorm/session-1773772944/pipeline-v1.html"}
{"type":"screen-updated","file":"/Users/khybiske/Developer/web/ChlamAtlas/.superpowers/brainstorm/session-1773772944/pipeline-v1.html"}
{"type":"screen-updated","file":"/Users/khybiske/Developer/web/ChlamAtlas/.superpowers/brainstorm/session-1773772944/pipeline-v1.html"}
{"type":"screen-updated","file":"/Users/khybiske/Developer/web/ChlamAtlas/.superpowers/brainstorm/session-1773772944/pipeline-v1.html"}
{"type":"screen-added","file":"/Users/khybiske/Developer/web/ChlamAtlas/.superpowers/brainstorm/session-1773772944/edit-modals.html"}
{"type":"screen-added","file":"/Users/khybiske/Developer/web/ChlamAtlas/.superpowers/brainstorm/session-1773772944/edit-modals-v2.html"}
{"type":"screen-added","file":"/Users/khybiske/Developer/web/ChlamAtlas/.superpowers/brainstorm/session-1773772944/user-system.html"}
{"type":"screen-updated","file":"/Users/khybiske/Developer/web/ChlamAtlas/.superpowers/brainstorm/session-1773772944/user-system.html"}
{"type":"server-stopped","reason":"idle timeout"}
